<?xml version="1.0" encoding="UTF-8"?>
<!-- Generated by org.testng.reporters.JUnitXMLReporter -->
<testsuite ignored="0" hostname="DESKTOP-BEHB25P" failures="0" tests="2" name="Default test" time="349.426" errors="0" timestamp="15 Aug 2023 01:27:28 GMT">
  <testcase classname="io.cucumber.testng.AbstractTestNGCucumberTests" name="runScenario" time="203.574"/>
  <testcase classname="io.cucumber.testng.AbstractTestNGCucumberTests" name="runScenario" time="144.81"/>
</testsuite> <!-- Default test -->
