<?xml version="1.0" encoding="UTF-8"?>
<!-- Generated by org.testng.reporters.JUnitXMLReporter -->
<testsuite ignored="0" hostname="DESKTOP-BEHB25P" failures="0" tests="2" name="CloudM Home Page Scenarios" time="350.177" errors="0" timestamp="15 Aug 2023 15:59:05 GMT">
  <testcase classname="io.cucumber.testng.AbstractTestNGCucumberTests" name="runScenario" time="203.685"/>
  <testcase classname="io.cucumber.testng.AbstractTestNGCucumberTests" name="runScenario" time="145.516"/>
</testsuite> <!-- CloudM Home Page Scenarios -->
