<?xml version="1.0" encoding="UTF-8"?>
<!-- Generated by org.testng.reporters.JUnitXMLReporter -->
<testsuite ignored="0" hostname="DESKTOP-BEHB25P" failures="0" tests="2" name="Navigate and Verify Home Page" time="340.769" errors="0" timestamp="15 Aug 2023 01:03:08 GMT">
  <testcase classname="io.cucumber.testng.AbstractTestNGCucumberTests" name="runScenario" time="182.596"/>
  <testcase classname="io.cucumber.testng.AbstractTestNGCucumberTests" name="runScenario" time="155.954"/>
</testsuite> <!-- Navigate and Verify Home Page -->
