<?xml version="1.0" encoding="UTF-8"?>
<testng-results ignored="0" total="1" passed="1" failed="0" skipped="0">
  <reporter-output>
  </reporter-output>
  <suite started-at="2023-08-15T17:36:21Z" name="Default suite" finished-at="2023-08-15T17:39:21Z" duration-ms="180184">
    <groups>
      <group name="cucumber">
        <method signature="AbstractTestNGCucumberTests.runScenario(io.cucumber.testng.PickleEventWrapper, io.cucumber.testng.CucumberFeatureWrapper)[pri:0, instance:runner.HomePageRunner@7582ff54]" name="runScenario" class="io.cucumber.testng.AbstractTestNGCucumberTests"/>
      </group> <!-- cucumber -->
    </groups>
    <test started-at="2023-08-15T17:36:21Z" name="Default test" finished-at="2023-08-15T17:39:21Z" duration-ms="180184">
      <class name="runner.HomePageRunner">
        <test-method is-config="true" signature="setUpClass()[pri:0, instance:runner.HomePageRunner@7582ff54]" started-at="2023-08-15T17:36:21Z" name="setUpClass" finished-at="2023-08-15T17:36:21Z" duration-ms="262" status="PASS">
          <reporter-output>
          </reporter-output>
        </test-method> <!-- setUpClass -->
        <test-method is-config="true" signature="before()[pri:0, instance:runner.HomePageRunner@7582ff54]" started-at="2023-08-15T17:36:21Z" name="before" finished-at="2023-08-15T17:36:21Z" duration-ms="0" status="PASS">
          <reporter-output>
          </reporter-output>
        </test-method> <!-- before -->
        <test-method signature="runScenario(io.cucumber.testng.PickleEventWrapper, io.cucumber.testng.CucumberFeatureWrapper)[pri:0, instance:runner.HomePageRunner@7582ff54]" started-at="2023-08-15T17:36:22Z" name="runScenario" description="Runs Cucumber Scenarios" data-provider="scenarios" finished-at="2023-08-15T17:39:20Z" duration-ms="178788" status="PASS">
          <params>
            <param index="0">
              <value>
                <![CDATA["User registers a deal on CloudM Home Page"]]>
              </value>
            </param>
            <param index="1">
              <value>
                <![CDATA["MouseHover and Click on Register a Deal Link from For Partners"]]>
              </value>
            </param>
          </params>
          <reporter-output>
          </reporter-output>
        </test-method> <!-- runScenario -->
        <test-method is-config="true" signature="after()[pri:0, instance:runner.HomePageRunner@7582ff54]" started-at="2023-08-15T17:39:20Z" name="after" finished-at="2023-08-15T17:39:20Z" duration-ms="0" status="PASS">
          <reporter-output>
          </reporter-output>
        </test-method> <!-- after -->
        <test-method is-config="true" signature="tearDownClass()[pri:0, instance:runner.HomePageRunner@7582ff54]" started-at="2023-08-15T17:39:20Z" name="tearDownClass" finished-at="2023-08-15T17:39:21Z" duration-ms="918" status="PASS">
          <reporter-output>
          </reporter-output>
        </test-method> <!-- tearDownClass -->
      </class> <!-- runner.HomePageRunner -->
    </test> <!-- Default test -->
  </suite> <!-- Default suite -->
</testng-results>
